This file contains any messages produced by compilers while
running configure, to aid debugging if configure makes a mistake.

It was created by configure, which was
generated by GNU Autoconf 2.69.  Invocation command line was

  $ ./configure --host=arm-linux

## --------- ##
## Platform. ##
## --------- ##

hostname = strath
uname -m = x86_64
uname -r = 3.13.0-32-generic
uname -s = Linux
uname -v = #57-Ubuntu SMP Tue Jul 15 03:51:08 UTC 2014

/usr/bin/uname -p = unknown
/bin/uname -X     = unknown

/bin/arch              = unknown
/usr/bin/arch -k       = unknown
/usr/convex/getsysinfo = unknown
/usr/bin/hostinfo      = unknown
/bin/machine           = unknown
/usr/bin/oslevel       = unknown
/bin/universe          = unknown

PATH: /home/tutor/peta/petalinux-v2016.2-final/tools/linux-i386/petalinux/bin
PATH: /home/tutor/peta/petalinux-v2016.2-final/tools/common/petalinux/bin
PATH: /home/tutor/peta/petalinux-v2016.2-final/tools/linux-i386/microblaze-xilinx-elf/bin
PATH: /home/tutor/peta/petalinux-v2016.2-final/tools/linux-i386/microblazeel-xilinx-linux-gnu/bin
PATH: /home/tutor/peta/petalinux-v2016.2-final/tools/linux-i386/gcc-arm-none-eabi/bin
PATH: /home/tutor/peta/petalinux-v2016.2-final/tools/linux-i386/gcc-arm-linux-gnueabi/bin
PATH: /home/tutor/peta/petalinux-v2016.2-final/tools/linux-i386/aarch64-none-elf/bin
PATH: /home/tutor/peta/petalinux-v2016.2-final/tools/linux-i386/aarch64-linux-gnu/bin
PATH: /usr/local/sbin
PATH: /usr/local/bin
PATH: /usr/sbin
PATH: /usr/bin
PATH: /sbin
PATH: /bin
PATH: /usr/games
PATH: /usr/local/games


## ----------- ##
## Core tests. ##
## ----------- ##

configure:2113: checking for arm-linux-gcc
configure:2140: result: aarch64-linux-gnu-gcc
configure:2409: checking for C compiler version
configure:2418: aarch64-linux-gnu-gcc --version >&5
aarch64-linux-gnu-gcc (crosstool-NG linaro-1.13.1-4.9-2014.09 - Linaro GCC 4.9-2014.09) 4.9.2 20140904 (prerelease)
Copyright (C) 2014 Free Software Foundation, Inc.
This is free software; see the source for copying conditions.  There is NO
warranty; not even for MERCHANTABILITY or FITNESS FOR A PARTICULAR PURPOSE.

configure:2429: $? = 0
configure:2418: aarch64-linux-gnu-gcc -v >&5
Using built-in specs.
COLLECT_GCC=aarch64-linux-gnu-gcc
COLLECT_LTO_WRAPPER=/home/tutor/peta/petalinux-v2016.2-final/tools/linux-i386/aarch64-linux-gnu/bin/../libexec/gcc/aarch64-linux-gnu/4.9.2/lto-wrapper
Target: aarch64-linux-gnu
Configured with: /proj/esdt_sdk/gnu/linaro/build_a53_linux/src/gcc-linaro-4.9-2014.09/configure --build=x86_64-build_unknown-linux-gnu --host=x86_64-build_unknown-linux-gnu --target=aarch64-linux-gnu --prefix=/proj/esdt_sdk/gnu/linaro/install_a53_linux --with-sysroot=/proj/esdt_sdk/gnu/linaro/install_a53_linux/aarch64-linux-gnu/libc --enable-languages=c,c++,fortran --disable-multilib --enable-multiarch --with-arch=armv8-a --with-pkgversion='crosstool-NG linaro-1.13.1-4.9-2014.09 - Linaro GCC 4.9-2014.09' --with-bugurl=https://bugs.launchpad.net/gcc-linaro --enable-__cxa_atexit --disable-libmudflap --enable-libgomp --disable-libssp --with-gmp=/proj/esdt_sdk/gnu/linaro/build_a53_linux/aarch64-linux-gnu/build/static --with-mpfr=/proj/esdt_sdk/gnu/linaro/build_a53_linux/aarch64-linux-gnu/build/static --with-mpc=/proj/esdt_sdk/gnu/linaro/build_a53_linux/aarch64-linux-gnu/build/static --with-isl=/proj/esdt_sdk/gnu/linaro/build_a53_linux/aarch64-linux-gnu/build/static --with-cloog=/proj/esdt_sdk/gnu/linaro/build_a53_linux/aarch64-linux-gnu/build/static --with-libelf=/proj/esdt_sdk/gnu/linaro/build_a53_linux/aarch64-linux-gnu/build/static --enable-threads=posix --disable-libstdcxx-pch --enable-linker-build-id --enable-plugin --with-local-prefix=/proj/esdt_sdk/gnu/linaro/install_a53_linux/aarch64-linux-gnu/libc --enable-c99 --enable-long-long
Thread model: posix
gcc version 4.9.2 20140904 (prerelease) (crosstool-NG linaro-1.13.1-4.9-2014.09 - Linaro GCC 4.9-2014.09) 
configure:2429: $? = 0
configure:2418: aarch64-linux-gnu-gcc -V >&5
aarch64-linux-gnu-gcc: error: unrecognized command line option '-V'
aarch64-linux-gnu-gcc: fatal error: no input files
compilation terminated.
configure:2429: $? = 1
configure:2418: aarch64-linux-gnu-gcc -qversion >&5
aarch64-linux-gnu-gcc: error: unrecognized command line option '-qversion'
aarch64-linux-gnu-gcc: fatal error: no input files
compilation terminated.
configure:2429: $? = 1
configure:2449: checking whether the C compiler works
configure:2471: aarch64-linux-gnu-gcc    conftest.c  >&5
configure:2475: $? = 0
configure:2523: result: yes
configure:2526: checking for C compiler default output file name
configure:2528: result: a.out
configure:2534: checking for suffix of executables
configure:2541: aarch64-linux-gnu-gcc -o conftest    conftest.c  >&5
configure:2545: $? = 0
configure:2567: result: 
configure:2589: checking whether we are cross compiling
configure:2597: aarch64-linux-gnu-gcc -o conftest    conftest.c  >&5
configure:2601: $? = 0
configure:2608: ./conftest
./configure: line 2610: ./conftest: cannot execute binary file: Exec format error
configure:2612: $? = 126
configure:2627: result: yes
configure:2632: checking for suffix of object files
configure:2654: aarch64-linux-gnu-gcc -c   conftest.c >&5
configure:2658: $? = 0
configure:2679: result: o
configure:2683: checking whether we are using the GNU C compiler
configure:2702: aarch64-linux-gnu-gcc -c   conftest.c >&5
configure:2702: $? = 0
configure:2711: result: yes
configure:2720: checking whether aarch64-linux-gnu-gcc accepts -g
configure:2740: aarch64-linux-gnu-gcc -c -g  conftest.c >&5
configure:2740: $? = 0
configure:2781: result: yes
configure:2798: checking for aarch64-linux-gnu-gcc option to accept ISO C89
configure:2861: aarch64-linux-gnu-gcc  -c -g -O2  conftest.c >&5
configure:2861: $? = 0
configure:2874: result: none needed
configure:2937: checking for a BSD-compatible install
configure:3005: result: /usr/bin/install -c
configure:3017: checking for EMX
configure:3036: aarch64-linux-gnu-gcc -c -g -O2  conftest.c >&5
conftest.c: In function 'main':
conftest.c:14:2: error: unknown type name 'kill'
  kill me!
  ^
conftest.c:14:9: error: expected '=', ',', ';', 'asm' or '__attribute__' before '!' token
  kill me!
         ^
configure:3036: $? = 1
configure: failed program was:
| /* confdefs.h */
| #define PACKAGE_NAME ""
| #define PACKAGE_TARNAME ""
| #define PACKAGE_VERSION ""
| #define PACKAGE_STRING ""
| #define PACKAGE_BUGREPORT ""
| #define PACKAGE_URL ""
| /* end confdefs.h.  */
| 
| int
| main ()
| {
| #ifndef __EMX__
| 	kill me!
| 	#endif
|   ;
|   return 0;
| }
configure:3044: result: no
configure:3051: checking for main in -lm
configure:3070: aarch64-linux-gnu-gcc -o conftest -g -O2   conftest.c -lm   >&5
configure:3070: $? = 0
configure:3079: result: yes
configure:3096: checking how to run the C preprocessor
configure:3127: aarch64-linux-gnu-gcc -E  conftest.c
configure:3127: $? = 0
configure:3141: aarch64-linux-gnu-gcc -E  conftest.c
conftest.c:10:28: fatal error: ac_nonexistent.h: No such file or directory
 #include <ac_nonexistent.h>
                            ^
compilation terminated.
configure:3141: $? = 1
configure: failed program was:
| /* confdefs.h */
| #define PACKAGE_NAME ""
| #define PACKAGE_TARNAME ""
| #define PACKAGE_VERSION ""
| #define PACKAGE_STRING ""
| #define PACKAGE_BUGREPORT ""
| #define PACKAGE_URL ""
| #define HAVE_LIBM 1
| /* end confdefs.h.  */
| #include <ac_nonexistent.h>
configure:3166: result: aarch64-linux-gnu-gcc -E
configure:3186: aarch64-linux-gnu-gcc -E  conftest.c
configure:3186: $? = 0
configure:3200: aarch64-linux-gnu-gcc -E  conftest.c
conftest.c:10:28: fatal error: ac_nonexistent.h: No such file or directory
 #include <ac_nonexistent.h>
                            ^
compilation terminated.
configure:3200: $? = 1
configure: failed program was:
| /* confdefs.h */
| #define PACKAGE_NAME ""
| #define PACKAGE_TARNAME ""
| #define PACKAGE_VERSION ""
| #define PACKAGE_STRING ""
| #define PACKAGE_BUGREPORT ""
| #define PACKAGE_URL ""
| #define HAVE_LIBM 1
| /* end confdefs.h.  */
| #include <ac_nonexistent.h>
configure:3229: checking for grep that handles long lines and -e
configure:3287: result: /bin/grep
configure:3292: checking for egrep
configure:3354: result: /bin/grep -E
configure:3359: checking for ANSI C header files
configure:3379: aarch64-linux-gnu-gcc -c -g -O2  conftest.c >&5
configure:3379: $? = 0
configure:3463: result: yes
configure:3476: checking for sys/types.h
configure:3476: aarch64-linux-gnu-gcc -c -g -O2  conftest.c >&5
configure:3476: $? = 0
configure:3476: result: yes
configure:3476: checking for sys/stat.h
configure:3476: aarch64-linux-gnu-gcc -c -g -O2  conftest.c >&5
configure:3476: $? = 0
configure:3476: result: yes
configure:3476: checking for stdlib.h
configure:3476: aarch64-linux-gnu-gcc -c -g -O2  conftest.c >&5
configure:3476: $? = 0
configure:3476: result: yes
configure:3476: checking for string.h
configure:3476: aarch64-linux-gnu-gcc -c -g -O2  conftest.c >&5
configure:3476: $? = 0
configure:3476: result: yes
configure:3476: checking for memory.h
configure:3476: aarch64-linux-gnu-gcc -c -g -O2  conftest.c >&5
configure:3476: $? = 0
configure:3476: result: yes
configure:3476: checking for strings.h
configure:3476: aarch64-linux-gnu-gcc -c -g -O2  conftest.c >&5
configure:3476: $? = 0
configure:3476: result: yes
configure:3476: checking for inttypes.h
configure:3476: aarch64-linux-gnu-gcc -c -g -O2  conftest.c >&5
configure:3476: $? = 0
configure:3476: result: yes
configure:3476: checking for stdint.h
configure:3476: aarch64-linux-gnu-gcc -c -g -O2  conftest.c >&5
configure:3476: $? = 0
configure:3476: result: yes
configure:3476: checking for unistd.h
configure:3476: aarch64-linux-gnu-gcc -c -g -O2  conftest.c >&5
configure:3476: $? = 0
configure:3476: result: yes
configure:3491: checking fcntl.h usability
configure:3491: aarch64-linux-gnu-gcc -c -g -O2  conftest.c >&5
configure:3491: $? = 0
configure:3491: result: yes
configure:3491: checking fcntl.h presence
configure:3491: aarch64-linux-gnu-gcc -E  conftest.c
configure:3491: $? = 0
configure:3491: result: yes
configure:3491: checking for fcntl.h
configure:3491: result: yes
configure:3491: checking sys/ioctl.h usability
configure:3491: aarch64-linux-gnu-gcc -c -g -O2  conftest.c >&5
configure:3491: $? = 0
configure:3491: result: yes
configure:3491: checking sys/ioctl.h presence
configure:3491: aarch64-linux-gnu-gcc -E  conftest.c
configure:3491: $? = 0
configure:3491: result: yes
configure:3491: checking for sys/ioctl.h
configure:3491: result: yes
configure:3491: checking sys/time.h usability
configure:3491: aarch64-linux-gnu-gcc -c -g -O2  conftest.c >&5
configure:3491: $? = 0
configure:3491: result: yes
configure:3491: checking sys/time.h presence
configure:3491: aarch64-linux-gnu-gcc -E  conftest.c
configure:3491: $? = 0
configure:3491: result: yes
configure:3491: checking for sys/time.h
configure:3491: result: yes
configure:3491: checking for unistd.h
configure:3491: result: yes
configure:3491: checking linux/vt.h usability
configure:3491: aarch64-linux-gnu-gcc -c -g -O2  conftest.c >&5
configure:3491: $? = 0
configure:3491: result: yes
configure:3491: checking linux/vt.h presence
configure:3491: aarch64-linux-gnu-gcc -E  conftest.c
configure:3491: $? = 0
configure:3491: result: yes
configure:3491: checking for linux/vt.h
configure:3491: result: yes
configure:3491: checking linux/kd.h usability
configure:3491: aarch64-linux-gnu-gcc -c -g -O2  conftest.c >&5
configure:3491: $? = 0
configure:3491: result: yes
configure:3491: checking linux/kd.h presence
configure:3491: aarch64-linux-gnu-gcc -E  conftest.c
configure:3491: $? = 0
configure:3491: result: yes
configure:3491: checking for linux/kd.h
configure:3491: result: yes
configure:3491: checking siginfo.h usability
configure:3491: aarch64-linux-gnu-gcc -c -g -O2  conftest.c >&5
conftest.c:59:21: fatal error: siginfo.h: No such file or directory
 #include <siginfo.h>
                     ^
compilation terminated.
configure:3491: $? = 1
configure: failed program was:
| /* confdefs.h */
| #define PACKAGE_NAME ""
| #define PACKAGE_TARNAME ""
| #define PACKAGE_VERSION ""
| #define PACKAGE_STRING ""
| #define PACKAGE_BUGREPORT ""
| #define PACKAGE_URL ""
| #define HAVE_LIBM 1
| #define STDC_HEADERS 1
| #define HAVE_SYS_TYPES_H 1
| #define HAVE_SYS_STAT_H 1
| #define HAVE_STDLIB_H 1
| #define HAVE_STRING_H 1
| #define HAVE_MEMORY_H 1
| #define HAVE_STRINGS_H 1
| #define HAVE_INTTYPES_H 1
| #define HAVE_STDINT_H 1
| #define HAVE_UNISTD_H 1
| #define HAVE_FCNTL_H 1
| #define HAVE_SYS_IOCTL_H 1
| #define HAVE_SYS_TIME_H 1
| #define HAVE_UNISTD_H 1
| #define HAVE_LINUX_VT_H 1
| #define HAVE_LINUX_KD_H 1
| /* end confdefs.h.  */
| #include <stdio.h>
| #ifdef HAVE_SYS_TYPES_H
| # include <sys/types.h>
| #endif
| #ifdef HAVE_SYS_STAT_H
| # include <sys/stat.h>
| #endif
| #ifdef STDC_HEADERS
| # include <stdlib.h>
| # include <stddef.h>
| #else
| # ifdef HAVE_STDLIB_H
| #  include <stdlib.h>
| # endif
| #endif
| #ifdef HAVE_STRING_H
| # if !defined STDC_HEADERS && defined HAVE_MEMORY_H
| #  include <memory.h>
| # endif
| # include <string.h>
| #endif
| #ifdef HAVE_STRINGS_H
| # include <strings.h>
| #endif
| #ifdef HAVE_INTTYPES_H
| # include <inttypes.h>
| #endif
| #ifdef HAVE_STDINT_H
| # include <stdint.h>
| #endif
| #ifdef HAVE_UNISTD_H
| # include <unistd.h>
| #endif
| #include <siginfo.h>
configure:3491: result: no
configure:3491: checking siginfo.h presence
configure:3491: aarch64-linux-gnu-gcc -E  conftest.c
conftest.c:26:21: fatal error: siginfo.h: No such file or directory
 #include <siginfo.h>
                     ^
compilation terminated.
configure:3491: $? = 1
configure: failed program was:
| /* confdefs.h */
| #define PACKAGE_NAME ""
| #define PACKAGE_TARNAME ""
| #define PACKAGE_VERSION ""
| #define PACKAGE_STRING ""
| #define PACKAGE_BUGREPORT ""
| #define PACKAGE_URL ""
| #define HAVE_LIBM 1
| #define STDC_HEADERS 1
| #define HAVE_SYS_TYPES_H 1
| #define HAVE_SYS_STAT_H 1
| #define HAVE_STDLIB_H 1
| #define HAVE_STRING_H 1
| #define HAVE_MEMORY_H 1
| #define HAVE_STRINGS_H 1
| #define HAVE_INTTYPES_H 1
| #define HAVE_STDINT_H 1
| #define HAVE_UNISTD_H 1
| #define HAVE_FCNTL_H 1
| #define HAVE_SYS_IOCTL_H 1
| #define HAVE_SYS_TIME_H 1
| #define HAVE_UNISTD_H 1
| #define HAVE_LINUX_VT_H 1
| #define HAVE_LINUX_KD_H 1
| /* end confdefs.h.  */
| #include <siginfo.h>
configure:3491: result: no
configure:3491: checking for siginfo.h
configure:3491: result: no
configure:3491: checking float.h usability
configure:3491: aarch64-linux-gnu-gcc -c -g -O2  conftest.c >&5
configure:3491: $? = 0
configure:3491: result: yes
configure:3491: checking float.h presence
configure:3491: aarch64-linux-gnu-gcc -E  conftest.c
configure:3491: $? = 0
configure:3491: result: yes
configure:3491: checking for float.h
configure:3491: result: yes
configure:3491: checking sys/select.h usability
configure:3491: aarch64-linux-gnu-gcc -c -g -O2  conftest.c >&5
configure:3491: $? = 0
configure:3491: result: yes
configure:3491: checking sys/select.h presence
configure:3491: aarch64-linux-gnu-gcc -E  conftest.c
configure:3491: $? = 0
configure:3491: result: yes
configure:3491: checking for sys/select.h
configure:3491: result: yes
configure:3502: checking for an ANSI C-conforming const
configure:3568: aarch64-linux-gnu-gcc -c -g -O2  conftest.c >&5
configure:3568: $? = 0
configure:3575: result: yes
configure:3583: checking for inline
configure:3599: aarch64-linux-gnu-gcc -c -g -O2  conftest.c >&5
configure:3599: $? = 0
configure:3607: result: inline
configure:3625: checking whether time.h and sys/time.h may both be included
configure:3645: aarch64-linux-gnu-gcc -c -g -O2  conftest.c >&5
configure:3645: $? = 0
configure:3652: result: yes
configure:3660: checking whether struct tm is in sys/time.h or time.h
configure:3680: aarch64-linux-gnu-gcc -c -g -O2  conftest.c >&5
configure:3680: $? = 0
configure:3687: result: time.h
configure:3697: checking whether aarch64-linux-gnu-gcc needs -traditional
configure:3731: result: no
configure:3738: checking return type of signal handlers
configure:3756: aarch64-linux-gnu-gcc -c -g -O2  conftest.c >&5
conftest.c: In function 'main':
conftest.c:35:1: error: void value not ignored as it ought to be
 return *(signal (0, 0)) (0) == 1;
 ^
configure:3756: $? = 1
configure: failed program was:
| /* confdefs.h */
| #define PACKAGE_NAME ""
| #define PACKAGE_TARNAME ""
| #define PACKAGE_VERSION ""
| #define PACKAGE_STRING ""
| #define PACKAGE_BUGREPORT ""
| #define PACKAGE_URL ""
| #define HAVE_LIBM 1
| #define STDC_HEADERS 1
| #define HAVE_SYS_TYPES_H 1
| #define HAVE_SYS_STAT_H 1
| #define HAVE_STDLIB_H 1
| #define HAVE_STRING_H 1
| #define HAVE_MEMORY_H 1
| #define HAVE_STRINGS_H 1
| #define HAVE_INTTYPES_H 1
| #define HAVE_STDINT_H 1
| #define HAVE_UNISTD_H 1
| #define HAVE_FCNTL_H 1
| #define HAVE_SYS_IOCTL_H 1
| #define HAVE_SYS_TIME_H 1
| #define HAVE_UNISTD_H 1
| #define HAVE_LINUX_VT_H 1
| #define HAVE_LINUX_KD_H 1
| #define HAVE_FLOAT_H 1
| #define HAVE_SYS_SELECT_H 1
| #define TIME_WITH_SYS_TIME 1
| /* end confdefs.h.  */
| #include <sys/types.h>
| #include <signal.h>
| 
| int
| main ()
| {
| return *(signal (0, 0)) (0) == 1;
|   ;
|   return 0;
| }
configure:3763: result: void
configure:3774: checking for gettimeofday
configure:3774: aarch64-linux-gnu-gcc -o conftest -g -O2   conftest.c -lm  >&5
configure:3774: $? = 0
configure:3774: result: yes
configure:3774: checking for select
configure:3774: aarch64-linux-gnu-gcc -o conftest -g -O2   conftest.c -lm  >&5
configure:3774: $? = 0
configure:3774: result: yes
configure:3774: checking for strtol
configure:3774: aarch64-linux-gnu-gcc -o conftest -g -O2   conftest.c -lm  >&5
configure:3774: $? = 0
configure:3774: result: yes
configure:3774: checking for strtoul
configure:3774: aarch64-linux-gnu-gcc -o conftest -g -O2   conftest.c -lm  >&5
configure:3774: $? = 0
configure:3774: result: yes
configure:3774: checking for getopt
configure:3774: aarch64-linux-gnu-gcc -o conftest -g -O2   conftest.c -lm  >&5
configure:3774: $? = 0
configure:3774: result: yes
configure:3774: checking for psignal
configure:3774: aarch64-linux-gnu-gcc -o conftest -g -O2   conftest.c -lm  >&5
configure:3774: $? = 0
configure:3774: result: yes
configure:3774: checking for access
configure:3774: aarch64-linux-gnu-gcc -o conftest -g -O2   conftest.c -lm  >&5
configure:3774: $? = 0
configure:3774: result: yes
configure:3784: checking for random
configure:3784: aarch64-linux-gnu-gcc -o conftest -g -O2   conftest.c -lm  >&5
configure:3784: $? = 0
configure:3784: result: yes
configure:3839: checking for srandom
configure:3839: aarch64-linux-gnu-gcc -o conftest -g -O2   conftest.c -lm  >&5
configure:3839: $? = 0
configure:3839: result: yes
configure:3894: checking for socket
configure:3894: aarch64-linux-gnu-gcc -o conftest -g -O2   conftest.c -lm  >&5
configure:3894: $? = 0
configure:3894: result: yes
configure:3953: checking for typeof
configure:3970: aarch64-linux-gnu-gcc -c -g -O2  conftest.c >&5
configure:3970: $? = 0
configure:3978: result: yes
configure:3986: checking for gethostbyname
configure:3986: aarch64-linux-gnu-gcc -o conftest -g -O2   conftest.c -lm  >&5
configure:3986: $? = 0
configure:3986: result: yes
configure:4089: checking pthread.h usability
configure:4089: aarch64-linux-gnu-gcc -c -g -O2  conftest.c >&5
configure:4089: $? = 0
configure:4089: result: yes
configure:4089: checking pthread.h presence
configure:4089: aarch64-linux-gnu-gcc -E  conftest.c
configure:4089: $? = 0
configure:4089: result: yes
configure:4089: checking for pthread.h
configure:4089: result: yes
configure:4099: checking for pthread_create
configure:4099: aarch64-linux-gnu-gcc -o conftest -g -O2   conftest.c -lm  >&5
/tmp/ccQ83pmz.o: In function `main':
/home/tutor/peta_client/components/apps/0verkill/data/conftest.c:73: undefined reference to `pthread_create'
collect2: error: ld returned 1 exit status
configure:4099: $? = 1
configure: failed program was:
| /* confdefs.h */
| #define PACKAGE_NAME ""
| #define PACKAGE_TARNAME ""
| #define PACKAGE_VERSION ""
| #define PACKAGE_STRING ""
| #define PACKAGE_BUGREPORT ""
| #define PACKAGE_URL ""
| #define HAVE_LIBM 1
| #define STDC_HEADERS 1
| #define HAVE_SYS_TYPES_H 1
| #define HAVE_SYS_STAT_H 1
| #define HAVE_STDLIB_H 1
| #define HAVE_STRING_H 1
| #define HAVE_MEMORY_H 1
| #define HAVE_STRINGS_H 1
| #define HAVE_INTTYPES_H 1
| #define HAVE_STDINT_H 1
| #define HAVE_UNISTD_H 1
| #define HAVE_FCNTL_H 1
| #define HAVE_SYS_IOCTL_H 1
| #define HAVE_SYS_TIME_H 1
| #define HAVE_UNISTD_H 1
| #define HAVE_LINUX_VT_H 1
| #define HAVE_LINUX_KD_H 1
| #define HAVE_FLOAT_H 1
| #define HAVE_SYS_SELECT_H 1
| #define TIME_WITH_SYS_TIME 1
| #define RETSIGTYPE void
| #define HAVE_GETTIMEOFDAY 1
| #define HAVE_SELECT 1
| #define HAVE_STRTOL 1
| #define HAVE_STRTOUL 1
| #define HAVE_GETOPT 1
| #define HAVE_PSIGNAL 1
| #define HAVE_ACCESS 1
| #define HAVE_TYPEOF 1
| #define HAVE_PTHREAD_H 1
| /* end confdefs.h.  */
| /* Define pthread_create to an innocuous variant, in case <limits.h> declares pthread_create.
|    For example, HP-UX 11i <limits.h> declares gettimeofday.  */
| #define pthread_create innocuous_pthread_create
| 
| /* System header to define __stub macros and hopefully few prototypes,
|     which can conflict with char pthread_create (); below.
|     Prefer <limits.h> to <assert.h> if __STDC__ is defined, since
|     <limits.h> exists even on freestanding compilers.  */
| 
| #ifdef __STDC__
| # include <limits.h>
| #else
| # include <assert.h>
| #endif
| 
| #undef pthread_create
| 
| /* Override any GCC internal prototype to avoid an error.
|    Use char because int might match the return type of a GCC
|    builtin and then its argument prototype would still apply.  */
| #ifdef __cplusplus
| extern "C"
| #endif
| char pthread_create ();
| /* The GNU C library defines this for functions which it implements
|     to always fail with ENOSYS.  Some functions are actually named
|     something starting with __ and the normal name is an alias.  */
| #if defined __stub_pthread_create || defined __stub___pthread_create
| choke me
| #endif
| 
| int
| main ()
| {
| return pthread_create ();
|   ;
|   return 0;
| }
configure:4099: result: no
configure:4107: checking for pthread_create in -lpthread
configure:4132: aarch64-linux-gnu-gcc -o conftest -g -O2   conftest.c -lpthread  -lm  >&5
configure:4132: $? = 0
configure:4141: result: yes
configure:5090: creating ./config.status

## ---------------------- ##
## Running config.status. ##
## ---------------------- ##

This file was extended by config.status, which was
generated by GNU Autoconf 2.69.  Invocation command line was

  CONFIG_FILES    = 
  CONFIG_HEADERS  = 
  CONFIG_LINKS    = 
  CONFIG_COMMANDS = 
  $ ./config.status 

on strath

config.status:831: creating Makefile
config.status:831: creating config.h

## ---------------- ##
## Cache variables. ##
## ---------------- ##

ac_cv_c_compiler_gnu=yes
ac_cv_c_const=yes
ac_cv_c_inline=inline
ac_cv_env_CC_set=set
ac_cv_env_CC_value=aarch64-linux-gnu-gcc
ac_cv_env_CFLAGS_set=
ac_cv_env_CFLAGS_value=
ac_cv_env_CPPFLAGS_set=
ac_cv_env_CPPFLAGS_value=
ac_cv_env_CPP_set=
ac_cv_env_CPP_value=
ac_cv_env_LDFLAGS_set=
ac_cv_env_LDFLAGS_value=
ac_cv_env_LIBS_set=
ac_cv_env_LIBS_value=
ac_cv_env_XMKMF_set=
ac_cv_env_XMKMF_value=
ac_cv_env_build_alias_set=
ac_cv_env_build_alias_value=
ac_cv_env_host_alias_set=set
ac_cv_env_host_alias_value=arm-linux
ac_cv_env_target_alias_set=
ac_cv_env_target_alias_value=
ac_cv_func_access=yes
ac_cv_func_gethostbyname=yes
ac_cv_func_getopt=yes
ac_cv_func_gettimeofday=yes
ac_cv_func_psignal=yes
ac_cv_func_pthread_create=no
ac_cv_func_random=yes
ac_cv_func_select=yes
ac_cv_func_socket=yes
ac_cv_func_srandom=yes
ac_cv_func_strtol=yes
ac_cv_func_strtoul=yes
ac_cv_have_emx=no
ac_cv_have_typeof=yes
ac_cv_header_fcntl_h=yes
ac_cv_header_float_h=yes
ac_cv_header_inttypes_h=yes
ac_cv_header_linux_kd_h=yes
ac_cv_header_linux_vt_h=yes
ac_cv_header_memory_h=yes
ac_cv_header_pthread_h=yes
ac_cv_header_siginfo_h=no
ac_cv_header_stdc=yes
ac_cv_header_stdint_h=yes
ac_cv_header_stdlib_h=yes
ac_cv_header_string_h=yes
ac_cv_header_strings_h=yes
ac_cv_header_sys_ioctl_h=yes
ac_cv_header_sys_select_h=yes
ac_cv_header_sys_stat_h=yes
ac_cv_header_sys_time_h=yes
ac_cv_header_sys_types_h=yes
ac_cv_header_time=yes
ac_cv_header_unistd_h=yes
ac_cv_lib_m_main=yes
ac_cv_lib_pthread_pthread_create=yes
ac_cv_objext=o
ac_cv_path_EGREP='/bin/grep -E'
ac_cv_path_GREP=/bin/grep
ac_cv_path_install='/usr/bin/install -c'
ac_cv_prog_CC=aarch64-linux-gnu-gcc
ac_cv_prog_CPP='aarch64-linux-gnu-gcc -E'
ac_cv_prog_cc_c89=
ac_cv_prog_cc_g=yes
ac_cv_prog_gcc_traditional=no
ac_cv_struct_tm=time.h
ac_cv_type_signal=void

## ----------------- ##
## Output variables. ##
## ----------------- ##

CC='aarch64-linux-gnu-gcc'
CFLAGS='-g -O2'
CPP='aarch64-linux-gnu-gcc -E'
CPPFLAGS=''
DEFS='-DHAVE_CONFIG_H'
ECHO_C=''
ECHO_N='-n'
ECHO_T=''
EGREP='/bin/grep -E'
EXEEXT=''
GREP='/bin/grep'
INSTALL_DATA='${INSTALL} -m 644'
INSTALL_PROGRAM='${INSTALL}'
INSTALL_SCRIPT='${INSTALL}'
LDFLAGS=''
LIBOBJS=''
LIBS='-lm  -lpthread'
LTLIBOBJS=''
OBJEXT='o'
OVERKILL_SPECIAL=''
PACKAGE_BUGREPORT=''
PACKAGE_NAME=''
PACKAGE_STRING=''
PACKAGE_TARNAME=''
PACKAGE_URL=''
PACKAGE_VERSION=''
PATH_SEPARATOR=':'
SHELL='/bin/bash'
X0VERKILL=''
XAVI=''
XEDITOR=''
XMKMF=''
X_CFLAGS=''
X_EXTRA_LIBS=''
X_LIBS=''
X_PRE_LIBS=''
ac_ct_CC=''
bindir='${exec_prefix}/bin'
build_alias=''
datadir='${datarootdir}'
datarootdir='${prefix}/share'
docdir='${datarootdir}/doc/${PACKAGE}'
dvidir='${docdir}'
exec_prefix='${prefix}'
host_alias='arm-linux'
htmldir='${docdir}'
includedir='${prefix}/include'
infodir='${datarootdir}/info'
libdir='${exec_prefix}/lib'
libexecdir='${exec_prefix}/libexec'
localedir='${datarootdir}/locale'
localstatedir='${prefix}/var'
mandir='${datarootdir}/man'
oldincludedir='/usr/include'
pdfdir='${docdir}'
prefix='/usr/local'
program_transform_name='s,x,x,'
psdir='${docdir}'
sbindir='${exec_prefix}/sbin'
sharedstatedir='${prefix}/com'
sysconfdir='${prefix}/etc'
target_alias=''

## ----------- ##
## confdefs.h. ##
## ----------- ##

/* confdefs.h */
#define PACKAGE_NAME ""
#define PACKAGE_TARNAME ""
#define PACKAGE_VERSION ""
#define PACKAGE_STRING ""
#define PACKAGE_BUGREPORT ""
#define PACKAGE_URL ""
#define HAVE_LIBM 1
#define STDC_HEADERS 1
#define HAVE_SYS_TYPES_H 1
#define HAVE_SYS_STAT_H 1
#define HAVE_STDLIB_H 1
#define HAVE_STRING_H 1
#define HAVE_MEMORY_H 1
#define HAVE_STRINGS_H 1
#define HAVE_INTTYPES_H 1
#define HAVE_STDINT_H 1
#define HAVE_UNISTD_H 1
#define HAVE_FCNTL_H 1
#define HAVE_SYS_IOCTL_H 1
#define HAVE_SYS_TIME_H 1
#define HAVE_UNISTD_H 1
#define HAVE_LINUX_VT_H 1
#define HAVE_LINUX_KD_H 1
#define HAVE_FLOAT_H 1
#define HAVE_SYS_SELECT_H 1
#define TIME_WITH_SYS_TIME 1
#define RETSIGTYPE void
#define HAVE_GETTIMEOFDAY 1
#define HAVE_SELECT 1
#define HAVE_STRTOL 1
#define HAVE_STRTOUL 1
#define HAVE_GETOPT 1
#define HAVE_PSIGNAL 1
#define HAVE_ACCESS 1
#define HAVE_TYPEOF 1
#define HAVE_PTHREAD_H 1
#define HAVE_LIBPTHREAD 1

configure: exit 0
